<?xml version="1.0" encoding="UTF-8"?>
<!-- Generated by org.testng.reporters.JUnitReportReporter -->
<testsuite hostname="U3-DPE-CPB-0120" name="com.java.test.Execution" tests="1" failures="0" timestamp="9 Aug 2016 15:13:11 GMT" time="51.959" errors="0">
  <testcase name="testcase1" time="51.959" classname="com.java.test.Execution"/>
</testsuite> <!-- com.java.test.Execution -->
