<?xml version="1.0" encoding="UTF-8"?>
<!-- Generated by org.testng.reporters.JUnitReportReporter -->
<testsuite hostname="U3-DPE-CPB-0120" name="com.java.test.Execution" tests="1" failures="0" timestamp="5 Aug 2016 15:38:17 GMT" time="3.407" errors="0">
  <testcase name="testcase1" time="3.407" classname="com.java.test.Execution"/>
</testsuite> <!-- com.java.test.Execution -->
